0 info it worked if it ends with ok
1 verbose cli [ '/usr/bin/nodejs', '/usr/bin/npm', 'start' ]
2 info using npm@3.5.2
3 info using node@v4.7.2
4 verbose run-script [ 'prestart', 'start', 'poststart' ]
5 info lifecycle WhatShouldIRead@1.0.0~prestart: WhatShouldIRead@1.0.0
6 silly lifecycle WhatShouldIRead@1.0.0~prestart: no script for prestart, continuing
7 info lifecycle WhatShouldIRead@1.0.0~start: WhatShouldIRead@1.0.0
8 verbose lifecycle WhatShouldIRead@1.0.0~start: unsafe-perm in lifecycle true
9 verbose lifecycle WhatShouldIRead@1.0.0~start: PATH: /usr/share/npm/bin/node-gyp-bin:/media/zapo/DATA/work/wsir/wsirbot/node_modules/.bin:/usr/games:/usr/games:/usr/games:/usr/local/sbin:/usr/local/bin:/usr/sbin:/usr/bin:/sbin:/bin:/usr/games:/usr/local/games:/snap/bin:/snap/bin:/snap/bin
10 verbose lifecycle WhatShouldIRead@1.0.0~start: CWD: /media/zapo/DATA/work/wsir/wsirbot
11 silly lifecycle WhatShouldIRead@1.0.0~start: Args: [ '-c', 'node bot.js' ]
12 info lifecycle WhatShouldIRead@1.0.0~start: Failed to exec start script
13 verbose stack Error: WhatShouldIRead@1.0.0 start: `node bot.js`
13 verbose stack spawn ENOENT
13 verbose stack     at ChildProcess.<anonymous> (/usr/share/npm/lib/utils/spawn.js:17:16)
13 verbose stack     at emitTwo (events.js:87:13)
13 verbose stack     at ChildProcess.emit (events.js:172:7)
13 verbose stack     at maybeClose (internal/child_process.js:854:16)
13 verbose stack     at Process.ChildProcess._handle.onexit (internal/child_process.js:222:5)
14 verbose pkgid WhatShouldIRead@1.0.0
15 verbose cwd /media/zapo/DATA/work/wsir/wsirbot
16 error Linux 4.10.0-30-generic
17 error argv "/usr/bin/nodejs" "/usr/bin/npm" "start"
18 error node v4.7.2
19 error npm  v3.5.2
20 error file sh
21 error code ELIFECYCLE
22 error errno ENOENT
23 error syscall spawn
24 error WhatShouldIRead@1.0.0 start: `node bot.js`
24 error spawn ENOENT
25 error Failed at the WhatShouldIRead@1.0.0 start script 'node bot.js'.
25 error Make sure you have the latest version of node.js and npm installed.
25 error If you do, this is most likely a problem with the WhatShouldIRead package,
25 error not with npm itself.
25 error Tell the author that this fails on your system:
25 error     node bot.js
25 error You can get information on how to open an issue for this project with:
25 error     npm bugs WhatShouldIRead
25 error Or if that isn't available, you can get their info via:
25 error     npm owner ls WhatShouldIRead
25 error There is likely additional logging output above.
26 verbose exit [ 1, true ]
